==3622== Memcheck, a memory error detector
==3622== Copyright (C) 2002-2017, and GNU GPL'd, by Julian Seward et al.
==3622== Using Valgrind-3.18.1-42b08ed5bd-20211015 and LibVEX; rerun with -h for copyright info
==3622== Command: ./1-strncat
==3622== Parent PID: 3523
==3622== 
--3622-- 
--3622-- Valgrind options:
--3622--    --leak-check=full
--3622--    -v
--3622--    --track-origins=yes
--3622--    --log-file=vg_logfile.out
--3622-- Contents of /proc/version:
--3622--   Linux version 5.15.0-41-generic (buildd@lcy02-amd64-065) (gcc (Ubuntu 11.2.0-19ubuntu1) 11.2.0, GNU ld (GNU Binutils for Ubuntu) 2.38) #44-Ubuntu SMP Wed Jun 22 14:20:53 UTC 2022
--3622-- 
--3622-- Arch and hwcaps: AMD64, LittleEndian, amd64-cx16-lzcnt-rdtscp-sse3-ssse3-avx-avx2-bmi-f16c-rdrand-rdseed
--3622-- Page sizes: currently 4096, max supported 4096
--3622-- Valgrind library directory: /usr/libexec/valgrind
--3622-- Reading syms from /home/bradleykibs/alx/alx-low_level_programming/0x06-pointers_arrays_strings/1-strncat
--3622-- Reading syms from /usr/lib/x86_64-linux-gnu/ld-linux-x86-64.so.2
--3622--   Considering /usr/lib/debug/.build-id/aa/1b0b998999c397062e1016f0c95dc0e8820117.debug ..
--3622--   .. build-id is valid
--3622-- Reading syms from /usr/libexec/valgrind/memcheck-amd64-linux
--3622--    object doesn't have a symbol table
--3622--    object doesn't have a dynamic symbol table
--3622-- Scheduler: using generic scheduler lock implementation.
--3622-- Reading suppressions file: /usr/libexec/valgrind/default.supp
==3622== embedded gdbserver: reading from /tmp/vgdb-pipe-from-vgdb-to-3622-by-bradleykibs-on-???
==3622== embedded gdbserver: writing to   /tmp/vgdb-pipe-to-vgdb-from-3622-by-bradleykibs-on-???
==3622== embedded gdbserver: shared mem   /tmp/vgdb-pipe-shared-mem-vgdb-3622-by-bradleykibs-on-???
==3622== 
==3622== TO CONTROL THIS PROCESS USING vgdb (which you probably
==3622== don't want to do, unless you know exactly what you're doing,
==3622== or are doing some strange experiment):
==3622==   /usr/bin/vgdb --pid=3622 ...command...
==3622== 
==3622== TO DEBUG THIS PROCESS USING GDB: start GDB like this
==3622==   /path/to/gdb ./1-strncat
==3622== and then give GDB the following command
==3622==   target remote | /usr/bin/vgdb --pid=3622
==3622== --pid is optional if only one valgrind process is running
==3622== 
--3622-- REDIR: 0x402aa60 (ld-linux-x86-64.so.2:strlen) redirected to 0x580bcec2 (???)
--3622-- REDIR: 0x402a830 (ld-linux-x86-64.so.2:index) redirected to 0x580bcedc (???)
--3622-- Reading syms from /usr/libexec/valgrind/vgpreload_core-amd64-linux.so
--3622--    object doesn't have a symbol table
--3622-- Reading syms from /usr/libexec/valgrind/vgpreload_memcheck-amd64-linux.so
--3622--    object doesn't have a symbol table
==3622== WARNING: new redirection conflicts with existing -- ignoring it
--3622--     old: 0x0402aa60 (strlen              ) R-> (0000.0) 0x580bcec2 ???
--3622--     new: 0x0402aa60 (strlen              ) R-> (2007.0) 0x0484ee30 strlen
--3622-- REDIR: 0x4027240 (ld-linux-x86-64.so.2:strcmp) redirected to 0x484fcd0 (strcmp)
--3622-- REDIR: 0x402afc0 (ld-linux-x86-64.so.2:mempcpy) redirected to 0x4853840 (mempcpy)
--3622-- Reading syms from /usr/lib/x86_64-linux-gnu/libc.so.6
--3622--   Considering /usr/lib/debug/.build-id/89/c3cb85f9e55046776471fed05ec441581d1969.debug ..
--3622--   .. build-id is valid
==3622== WARNING: new redirection conflicts with existing -- ignoring it
--3622--     old: 0x0490fce0 (memalign            ) R-> (1011.0) 0x0484e080 memalign
--3622--     new: 0x0490fce0 (memalign            ) R-> (1017.0) 0x0484e050 aligned_alloc
==3622== WARNING: new redirection conflicts with existing -- ignoring it
--3622--     old: 0x0490fce0 (memalign            ) R-> (1011.0) 0x0484e080 memalign
--3622--     new: 0x0490fce0 (memalign            ) R-> (1017.0) 0x0484e020 aligned_alloc
==3622== WARNING: new redirection conflicts with existing -- ignoring it
--3622--     old: 0x0490fce0 (memalign            ) R-> (1011.0) 0x0484e080 memalign
--3622--     new: 0x0490fce0 (memalign            ) R-> (1017.0) 0x0484e050 aligned_alloc
==3622== WARNING: new redirection conflicts with existing -- ignoring it
--3622--     old: 0x0490fce0 (memalign            ) R-> (1011.0) 0x0484e080 memalign
--3622--     new: 0x0490fce0 (memalign            ) R-> (1017.0) 0x0484e020 aligned_alloc
--3622-- REDIR: 0x49127a0 (libc.so.6:strnlen) redirected to 0x483f220 (_vgnU_ifunc_wrapper)
--3622-- REDIR: 0x4912a60 (libc.so.6:strpbrk) redirected to 0x483f220 (_vgnU_ifunc_wrapper)
--3622-- REDIR: 0x4912360 (libc.so.6:strcmp) redirected to 0x483f220 (_vgnU_ifunc_wrapper)
--3622-- REDIR: 0x4930d50 (libc.so.6:wcsnlen) redirected to 0x483f220 (_vgnU_ifunc_wrapper)
--3622-- REDIR: 0x4913750 (libc.so.6:memset) redirected to 0x483f220 (_vgnU_ifunc_wrapper)
--3622-- REDIR: 0x492f5c0 (libc.so.6:wcslen) redirected to 0x483f220 (_vgnU_ifunc_wrapper)
--3622-- REDIR: 0x4913c90 (libc.so.6:memcpy@@GLIBC_2.14) redirected to 0x483f220 (_vgnU_ifunc_wrapper)
--3622-- REDIR: 0x492f3f0 (libc.so.6:wcschr) redirected to 0x483f220 (_vgnU_ifunc_wrapper)
--3622-- REDIR: 0x49122e0 (libc.so.6:index) redirected to 0x483f220 (_vgnU_ifunc_wrapper)
--3622-- REDIR: 0x49129e0 (libc.so.6:rindex) redirected to 0x483f220 (_vgnU_ifunc_wrapper)
--3622-- REDIR: 0x4913620 (libc.so.6:memmove) redirected to 0x483f220 (_vgnU_ifunc_wrapper)
==3622== Preferring higher priority redirection:
--3622--     old: 0x04a0a940 (__memcpy_avx_unalign) R-> (2018.0) 0x04850f90 __memcpy_avx_unaligned_erms
--3622--     new: 0x04a0a940 (__memcpy_avx_unalign) R-> (2018.1) 0x04852880 memmove
--3622-- REDIR: 0x492f470 (libc.so.6:wcscmp) redirected to 0x483f220 (_vgnU_ifunc_wrapper)
--3622-- REDIR: 0x4913a60 (libc.so.6:stpncpy) redirected to 0x483f220 (_vgnU_ifunc_wrapper)
--3622-- REDIR: 0x492fa30 (libc.so.6:wmemchr) redirected to 0x483f220 (_vgnU_ifunc_wrapper)
--3622-- REDIR: 0x49128b0 (libc.so.6:strncmp) redirected to 0x483f220 (_vgnU_ifunc_wrapper)
--3622-- REDIR: 0x4913af0 (libc.so.6:strcasecmp) redirected to 0x483f220 (_vgnU_ifunc_wrapper)
--3622-- REDIR: 0x49124a0 (libc.so.6:strcspn) redirected to 0x483f220 (_vgnU_ifunc_wrapper)
--3622-- REDIR: 0x492f4f0 (libc.so.6:wcscpy) redirected to 0x483f220 (_vgnU_ifunc_wrapper)
--3622-- REDIR: 0x4912250 (libc.so.6:strcat) redirected to 0x483f220 (_vgnU_ifunc_wrapper)
--3622-- REDIR: 0x4913be0 (libc.so.6:strncasecmp_l) redirected to 0x483f220 (_vgnU_ifunc_wrapper)
--3622-- REDIR: 0x4913500 (libc.so.6:bcmp) redirected to 0x483f220 (_vgnU_ifunc_wrapper)
--3622-- REDIR: 0x491b5f0 (libc.so.6:memrchr) redirected to 0x483f220 (_vgnU_ifunc_wrapper)
--3622-- REDIR: 0x4915090 (libc.so.6:strchrnul) redirected to 0x483f220 (_vgnU_ifunc_wrapper)
--3622-- REDIR: 0x4912410 (libc.so.6:strcpy) redirected to 0x483f220 (_vgnU_ifunc_wrapper)
--3622-- REDIR: 0x4913b90 (libc.so.6:strcasecmp_l) redirected to 0x483f220 (_vgnU_ifunc_wrapper)
--3622-- REDIR: 0x4912720 (libc.so.6:strlen) redirected to 0x483f220 (_vgnU_ifunc_wrapper)
--3622-- REDIR: 0x4912950 (libc.so.6:strncpy) redirected to 0x483f220 (_vgnU_ifunc_wrapper)
--3622-- REDIR: 0x49139d0 (libc.so.6:stpcpy) redirected to 0x483f220 (_vgnU_ifunc_wrapper)
--3622-- REDIR: 0x4913470 (libc.so.6:memchr) redirected to 0x483f220 (_vgnU_ifunc_wrapper)
--3622-- REDIR: 0x4912b80 (libc.so.6:strspn) redirected to 0x483f220 (_vgnU_ifunc_wrapper)
--3622-- REDIR: 0x4913850 (libc.so.6:mempcpy) redirected to 0x483f220 (_vgnU_ifunc_wrapper)
--3622-- REDIR: 0x4913b40 (libc.so.6:strncasecmp) redirected to 0x483f220 (_vgnU_ifunc_wrapper)
--3622-- REDIR: 0x4915000 (libc.so.6:rawmemchr) redirected to 0x483f220 (_vgnU_ifunc_wrapper)
--3622-- REDIR: 0x4a07790 (libc.so.6:__strrchr_avx2) redirected to 0x484e810 (rindex)
--3622-- REDIR: 0x4a07960 (libc.so.6:__strlen_avx2) redirected to 0x484ed10 (strlen)
--3622-- REDIR: 0x490f120 (libc.so.6:malloc) redirected to 0x4848820 (malloc)
--3622-- REDIR: 0x4a07580 (libc.so.6:__strchrnul_avx2) redirected to 0x4853330 (strchrnul)
--3622-- REDIR: 0x4a0a900 (libc.so.6:__mempcpy_avx_unaligned_erms) redirected to 0x4853440 (mempcpy)
==3622== 
==3622== Process terminating with default action of signal 6 (SIGABRT)
==3622==    at 0x4900A7C: __pthread_kill_implementation (pthread_kill.c:44)
==3622==    by 0x4900A7C: __pthread_kill_internal (pthread_kill.c:78)
==3622==    by 0x4900A7C: pthread_kill@@GLIBC_2.34 (pthread_kill.c:89)
==3622==    by 0x48AC475: raise (raise.c:26)
==3622==    by 0x48927F2: abort (abort.c:79)
==3622==    by 0x48F36F5: __libc_message (libc_fatal.c:155)
==3622==    by 0x49A0769: __fortify_fail (fortify_fail.c:26)
==3622==    by 0x49A0735: __stack_chk_fail (stack_chk_fail.c:24)
==3622==    by 0x10931A: main (1-main.c:26)
==3622== 
==3622== HEAP SUMMARY:
==3622==     in use at exit: 1,024 bytes in 1 blocks
==3622==   total heap usage: 1 allocs, 0 frees, 1,024 bytes allocated
==3622== 
==3622== Searching for pointers to 1 not-freed blocks
==3622== Checked 111,696 bytes
==3622== 
==3622== LEAK SUMMARY:
==3622==    definitely lost: 0 bytes in 0 blocks
==3622==    indirectly lost: 0 bytes in 0 blocks
==3622==      possibly lost: 0 bytes in 0 blocks
==3622==    still reachable: 1,024 bytes in 1 blocks
==3622==         suppressed: 0 bytes in 0 blocks
==3622== Reachable blocks (those to which a pointer was found) are not shown.
==3622== To see them, rerun with: --leak-check=full --show-leak-kinds=all
==3622== 
==3622== ERROR SUMMARY: 0 errors from 0 contexts (suppressed: 0 from 0)
